<?xml version="1.0" encoding="UTF-8"?>
<!-- Generated by org.testng.reporters.JUnitXMLReporter -->
<testsuite hostname="asus" tests="15" failures="0" timestamp="13 Nov 2015 22:55:48 GMT" time="0.093" errors="0">
  <testcase name="instanceTest4" time="0.002" classname="EasyNGTest"/>
  <testcase name="instanceTest3" time="0.0" classname="EasyNGTest"/>
  <testcase name="instanceTest2" time="0.002" classname="EasyNGTest"/>
  <testcase name="instanceTest5" time="0.0" classname="EasyNGTest"/>
  <testcase name="instanceTest6" time="0.001" classname="EasyNGTest"/>
  <testcase name="instanceTest" time="0.001" classname="EasyThreadLocalNGTest"/>
  <testcase name="instanceTest2" time="0.001" classname="EasyThreadLocalNGTest"/>
  <testcase name="instanceTest" time="0.015" classname="EasyNGTest"/>
  <testcase name="instanceTest4" time="0.001" classname="EasyThreadLocalNGTest"/>
  <testcase name="instanceTest3" time="0.001" classname="EasyThreadLocalNGTest"/>
  <testcase name="instanceTest7" time="0.001" classname="EasyThreadLocalNGTest"/>
  <testcase name="instanceTest6" time="0.001" classname="EasyThreadLocalNGTest"/>
  <testcase name="testMe" time="0.002" classname="ProviderNGTest"/>
  <testcase name="instanceTest7" time="0.001" classname="EasyNGTest"/>
  <testcase name="instanceTest5" time="0.001" classname="EasyThreadLocalNGTest"/>
</testsuite>
